<?xml version="1.0" encoding="UTF-8"?>
<testsuite name="org.example.Game.Entities.FlagTest" tests="2" skipped="0" failures="0" errors="0" timestamp="2024-02-07T15:06:16" hostname="LAPTOP-0MH23AM7" time="0.062">
  <properties/>
  <testcase name="testSetCurrentLocation()" classname="org.example.Game.Entities.FlagTest" time="0.054"/>
  <testcase name="testFlagInitialization()" classname="org.example.Game.Entities.FlagTest" time="0.005"/>
  <system-out><![CDATA[]]></system-out>
  <system-err><![CDATA[]]></system-err>
</testsuite>
